<?xml version="1.0" encoding="UTF-8"?>
<!-- Generated by org.testng.reporters.JUnitXMLReporter -->
<testsuite hostname="ind496" name="Test" tests="1" failures="0" timestamp="24 Nov 2017 13:05:30 GMT" time="0.023" errors="0">
  <testcase name="@BeforeTest skipException" time="0.0" classname="dd_tests.LoginTest">
    <skipped/>
  </testcase> <!-- @BeforeTest skipException -->
  <testcase name="doLogin" time="0.0" classname="dd_tests.LoginTest">
    <skipped/>
  </testcase> <!-- doLogin -->
</testsuite> <!-- Test -->
