<?xml version="1.0" encoding="UTF-8"?>
<testng-results skipped="2" failed="0" total="2" passed="0">
  <reporter-output>
  </reporter-output>
  <suite name="Suite" duration-ms="57" started-at="2017-11-24T13:05:30Z" finished-at="2017-11-24T13:05:30Z">
    <groups>
    </groups>
    <test name="Test" duration-ms="23" started-at="2017-11-24T13:05:30Z" finished-at="2017-11-24T13:05:30Z">
      <class name="dd_tests.LoginTest">
        <test-method status="SKIP" signature="skipException()[pri:0, instance:dd_tests.LoginTest@ba2a48]" name="skipException" is-config="true" duration-ms="0" started-at="2017-11-24T18:35:30Z" finished-at="2017-11-24T18:35:30Z">
          <reporter-output>
          </reporter-output>
        </test-method> <!-- skipException -->
        <test-method status="SKIP" signature="doLogin(java.lang.String, java.lang.String)[pri:1, instance:dd_tests.LoginTest@ba2a48]" name="doLogin" duration-ms="0" started-at="2017-11-24T18:35:30Z" data-provider="getData" finished-at="2017-11-24T18:35:30Z">
          <params>
            <param index="0">
              <value>
                <![CDATA[KenWilliamson]]>
              </value>
            </param>
            <param index="1">
              <value>
                <![CDATA[indianic]]>
              </value>
            </param>
          </params>
          <reporter-output>
          </reporter-output>
        </test-method> <!-- doLogin -->
      </class> <!-- dd_tests.LoginTest -->
    </test> <!-- Test -->
    <test name="Test1" duration-ms="3" started-at="2017-11-24T13:05:30Z" finished-at="2017-11-24T13:05:30Z">
      <class name="dd_tests.ProfileTest">
        <test-method status="FAIL" signature="init()[pri:0, instance:dd_tests.ProfileTest@837a77]" name="init" is-config="true" duration-ms="0" started-at="2017-11-24T18:35:30Z" finished-at="2017-11-24T18:35:30Z">
          <exception class="java.lang.IllegalStateException">
            <message>
              <![CDATA[The path to the driver executable must be set by the webdriver.gecko.driver system property; for more information, see https://github.com/mozilla/geckodriver. The latest version can be downloaded from https://github.com/mozilla/geckodriver/releases]]>
            </message>
            <full-stacktrace>
              <![CDATA[java.lang.IllegalStateException: The path to the driver executable must be set by the webdriver.gecko.driver system property; for more information, see https://github.com/mozilla/geckodriver. The latest version can be downloaded from https://github.com/mozilla/geckodriver/releases
	at com.google.common.base.Preconditions.checkState(Preconditions.java:197)
	at org.openqa.selenium.remote.service.DriverService.findExecutable(DriverService.java:109)
	at org.openqa.selenium.firefox.GeckoDriverService.access$100(GeckoDriverService.java:38)
	at org.openqa.selenium.firefox.GeckoDriverService$Builder.findDefaultExecutable(GeckoDriverService.java:91)
	at org.openqa.selenium.remote.service.DriverService$Builder.build(DriverService.java:296)
	at org.openqa.selenium.firefox.FirefoxDriver.createCommandExecutor(FirefoxDriver.java:245)
	at org.openqa.selenium.firefox.FirefoxDriver.<init>(FirefoxDriver.java:220)
	at org.openqa.selenium.firefox.FirefoxDriver.<init>(FirefoxDriver.java:215)
	at org.openqa.selenium.firefox.FirefoxDriver.<init>(FirefoxDriver.java:211)
	at org.openqa.selenium.firefox.FirefoxDriver.<init>(FirefoxDriver.java:124)
	at dd_core.TestCore.init(TestCore.java:50)
	at sun.reflect.NativeMethodAccessorImpl.invoke0(Native Method)
	at sun.reflect.NativeMethodAccessorImpl.invoke(NativeMethodAccessorImpl.java:62)
	at sun.reflect.DelegatingMethodAccessorImpl.invoke(DelegatingMethodAccessorImpl.java:43)
	at java.lang.reflect.Method.invoke(Method.java:498)
	at org.testng.internal.MethodInvocationHelper.invokeMethod(MethodInvocationHelper.java:85)
	at org.testng.internal.Invoker.invokeConfigurationMethod(Invoker.java:510)
	at org.testng.internal.Invoker.invokeConfigurations(Invoker.java:211)
	at org.testng.internal.Invoker.invokeConfigurations(Invoker.java:138)
	at org.testng.SuiteRunner.privateRun(SuiteRunner.java:298)
	at org.testng.SuiteRunner.run(SuiteRunner.java:261)
	at org.testng.SuiteRunnerWorker.runSuite(SuiteRunnerWorker.java:52)
	at org.testng.SuiteRunnerWorker.run(SuiteRunnerWorker.java:86)
	at org.testng.TestNG.runSuitesSequentially(TestNG.java:1215)
	at org.testng.TestNG.runSuitesLocally(TestNG.java:1140)
	at org.testng.TestNG.run(TestNG.java:1048)
	at org.testng.TestNG.privateMain(TestNG.java:1355)
	at org.testng.TestNG.main(TestNG.java:1324)
]]>
            </full-stacktrace>
          </exception> <!-- java.lang.IllegalStateException -->
          <reporter-output>
          </reporter-output>
        </test-method> <!-- init -->
        <test-method status="SKIP" signature="skipException()[pri:0, instance:dd_tests.ProfileTest@837a77]" name="skipException" is-config="true" duration-ms="0" started-at="2017-11-24T18:35:30Z" finished-at="2017-11-24T18:35:30Z">
          <reporter-output>
          </reporter-output>
        </test-method> <!-- skipException -->
        <test-method status="SKIP" signature="doProfile()[pri:2, instance:dd_tests.ProfileTest@837a77]" name="doProfile" duration-ms="0" started-at="2017-11-24T18:35:30Z" finished-at="2017-11-24T18:35:30Z">
          <reporter-output>
          </reporter-output>
        </test-method> <!-- doProfile -->
        <test-method status="SKIP" signature="closeBrowser()[pri:0, instance:dd_tests.ProfileTest@837a77]" name="closeBrowser" is-config="true" duration-ms="0" started-at="2017-11-24T18:35:30Z" finished-at="2017-11-24T18:35:30Z">
          <reporter-output>
          </reporter-output>
        </test-method> <!-- closeBrowser -->
      </class> <!-- dd_tests.ProfileTest -->
    </test> <!-- Test1 -->
  </suite> <!-- Suite -->
</testng-results>
